Build started 12/05/2014 15:40:32.
     1>Project "C:\Users\Álvaro\Desktop\Proyect_all\ProgramingProject_Mines\ProgramingProyect_Mines\ProgramingProyect_Mines.vcxproj" on node 2 (Build target(s)).
     1>ClCompile:
         C:\Program Files (x86)\Microsoft Visual Studio 11.0\VC\bin\CL.exe /c /Zi /nologo /W3 /WX- /O2 /Oi /Oy- /GL /D WIN32 /D NDEBUG /D _CONSOLE /D _UNICODE /D UNICODE /Gm- /EHsc /MD /GS /Gy /fp:precise /Zc:wchar_t /Zc:forScope /Fo"Release\\" /Fd"Release\vc110.pdb" /Gd /TC /analyze- /errorReport:prompt table.c testProgram.c
         table.c
     1>table.c(7): warning C4244: 'function' : conversion from 'time_t' to 'unsigned int', possible loss of data
     1>table.c(82): warning C4996: 'scanf': This function or variable may be unsafe. Consider using scanf_s instead. To disable deprecation, use _CRT_SECURE_NO_WARNINGS. See online help for details.
                 C:\Program Files (x86)\Microsoft Visual Studio 11.0\VC\include\stdio.h(290) : see declaration of 'scanf'
         testProgram.c
     1>testProgram.c(46): warning C4996: 'getche': The POSIX name for this item is deprecated. Instead, use the ISO C++ conformant name: _getche. See online help for details.
                 C:\Program Files (x86)\Microsoft Visual Studio 11.0\VC\include\conio.h(132) : see declaration of 'getche'
       Link:
         C:\Program Files (x86)\Microsoft Visual Studio 11.0\VC\bin\link.exe /ERRORREPORT:PROMPT /OUT:"C:\Users\Álvaro\Desktop\Proyect_all\ProgramingProject_Mines\Release\ProgramingProject_Mines.exe" /INCREMENTAL:NO /NOLOGO kernel32.lib user32.lib gdi32.lib winspool.lib comdlg32.lib advapi32.lib shell32.lib ole32.lib oleaut32.lib uuid.lib odbc32.lib odbccp32.lib /MANIFEST /MANIFESTUAC:"level='asInvoker' uiAccess='false'" /manifest:embed /DEBUG /PDB:"C:\Users\Álvaro\Desktop\Proyect_all\ProgramingProject_Mines\Release\ProgramingProject_Mines.pdb" /SUBSYSTEM:CONSOLE /OPT:REF /OPT:ICF /LTCG /TLBID:1 /DYNAMICBASE /NXCOMPAT /IMPLIB:"C:\Users\Álvaro\Desktop\Proyect_all\ProgramingProject_Mines\Release\ProgramingProject_Mines.lib" /MACHINE:X86 /SAFESEH Release\table.obj
         Release\testProgram.obj
         Generating code
     1>c:\users\álvaro\desktop\proyect_all\programingproject_mines\programingproyect_mines\table.c(104): warning C4715: 'put_flag' : not all control paths return a value
     1>c:\users\álvaro\desktop\proyect_all\programingproject_mines\programingproyect_mines\table.c(50): warning C4716: 'initialize_table' : must return a value
     1>c:\users\álvaro\desktop\proyect_all\programingproject_mines\programingproyect_mines\table.c(134): warning C4715: 'look_cell' : not all control paths return a value
         Finished generating code
         ProgramingProyect_Mines.vcxproj -> C:\Users\Álvaro\Desktop\Proyect_all\ProgramingProject_Mines\Release\ProgramingProject_Mines.exe
     1>Done Building Project "C:\Users\Álvaro\Desktop\Proyect_all\ProgramingProject_Mines\ProgramingProyect_Mines\ProgramingProyect_Mines.vcxproj" (Build target(s)).

Build succeeded.

Time Elapsed 00:00:00.45
