C:\USERS\ÁLVARO\DESKTOP\PROGRAMINGPROYECT_MINES\PROGRAMINGPROYECT_MINES\DEBUG\TABLE.OBJ
C:\USERS\ÁLVARO\DESKTOP\PROGRAMINGPROYECT_MINES\PROGRAMINGPROYECT_MINES\DEBUG\TESTPROGRAM.OBJ
C:\USERS\ÁLVARO\DESKTOP\PROGRAMINGPROYECT_MINES\PROGRAMINGPROYECT_MINES\DEBUG\VC110.PDB
C:\USERS\ÁLVARO\DESKTOP\PROGRAMINGPROYECT_MINES\PROGRAMINGPROYECT_MINES\DEBUG\TESTRANDOM.OBJ
C:\USERS\ÁLVARO\DESKTOP\PROGRAMINGPROYECT_MINES\PROGRAMINGPROYECT_MINES\DEBUG\TESTTIME.OBJ
C:\USERS\ÁLVARO\DESKTOP\PROGRAMINGPROYECT_MINES\DEBUG\PROGRAMINGPROYECT_MINES.ILK
C:\USERS\ÁLVARO\DESKTOP\PROGRAMINGPROYECT_MINES\DEBUG\PROGRAMINGPROYECT_MINES.EXE
C:\USERS\ÁLVARO\DESKTOP\PROGRAMINGPROYECT_MINES\DEBUG\PROGRAMINGPROYECT_MINES.PDB
C:\Users\Álvaro\Desktop\ProgramingProyect_Mines\ProgramingProyect_Mines\Debug\table.obj
C:\Users\Álvaro\Desktop\ProgramingProyect_Mines\ProgramingProyect_Mines\Debug\test1.obj
C:\Users\Álvaro\Desktop\ProgramingProyect_Mines\ProgramingProyect_Mines\Debug\testProgram.obj
C:\Users\Álvaro\Desktop\ProgramingProyect_Mines\ProgramingProyect_Mines\Debug\TestRandom.obj
C:\Users\Álvaro\Desktop\ProgramingProyect_Mines\ProgramingProyect_Mines\Debug\testTime.obj
C:\Users\Álvaro\Desktop\ProgramingProyect_Mines\ProgramingProyect_Mines\Debug\cl.command.1.tlog
C:\Users\Álvaro\Desktop\ProgramingProyect_Mines\ProgramingProyect_Mines\Debug\CL.read.1.tlog
C:\Users\Álvaro\Desktop\ProgramingProyect_Mines\ProgramingProyect_Mines\Debug\CL.write.1.tlog
C:\Users\Álvaro\Desktop\ProgramingProyect_Mines\ProgramingProyect_Mines\Debug\link-cvtres.read.1.tlog
C:\Users\Álvaro\Desktop\ProgramingProyect_Mines\ProgramingProyect_Mines\Debug\link-cvtres.write.1.tlog
C:\Users\Álvaro\Desktop\ProgramingProyect_Mines\ProgramingProyect_Mines\Debug\link-rc.read.1.tlog
C:\Users\Álvaro\Desktop\ProgramingProyect_Mines\ProgramingProyect_Mines\Debug\link-rc.write.1.tlog
C:\Users\Álvaro\Desktop\ProgramingProyect_Mines\ProgramingProyect_Mines\Debug\link.3036-cvtres.read.1.tlog
C:\Users\Álvaro\Desktop\ProgramingProyect_Mines\ProgramingProyect_Mines\Debug\link.3036-cvtres.write.1.tlog
C:\Users\Álvaro\Desktop\ProgramingProyect_Mines\ProgramingProyect_Mines\Debug\link.3036-rc.read.1.tlog
C:\Users\Álvaro\Desktop\ProgramingProyect_Mines\ProgramingProyect_Mines\Debug\link.3036-rc.write.1.tlog
C:\Users\Álvaro\Desktop\ProgramingProyect_Mines\ProgramingProyect_Mines\Debug\link.3036.read.1.tlog
C:\Users\Álvaro\Desktop\ProgramingProyect_Mines\ProgramingProyect_Mines\Debug\link.3036.write.1.tlog
C:\Users\Álvaro\Desktop\ProgramingProyect_Mines\ProgramingProyect_Mines\Debug\link.3080-cvtres.read.1.tlog
C:\Users\Álvaro\Desktop\ProgramingProyect_Mines\ProgramingProyect_Mines\Debug\link.3080-cvtres.write.1.tlog
C:\Users\Álvaro\Desktop\ProgramingProyect_Mines\ProgramingProyect_Mines\Debug\link.3080-rc.read.1.tlog
C:\Users\Álvaro\Desktop\ProgramingProyect_Mines\ProgramingProyect_Mines\Debug\link.3080-rc.write.1.tlog
C:\Users\Álvaro\Desktop\ProgramingProyect_Mines\ProgramingProyect_Mines\Debug\link.3080.read.1.tlog
C:\Users\Álvaro\Desktop\ProgramingProyect_Mines\ProgramingProyect_Mines\Debug\link.3080.write.1.tlog
C:\Users\Álvaro\Desktop\ProgramingProyect_Mines\ProgramingProyect_Mines\Debug\link.3636-cvtres.read.1.tlog
C:\Users\Álvaro\Desktop\ProgramingProyect_Mines\ProgramingProyect_Mines\Debug\link.3636-cvtres.write.1.tlog
C:\Users\Álvaro\Desktop\ProgramingProyect_Mines\ProgramingProyect_Mines\Debug\link.3636-rc.read.1.tlog
C:\Users\Álvaro\Desktop\ProgramingProyect_Mines\ProgramingProyect_Mines\Debug\link.3636-rc.write.1.tlog
C:\Users\Álvaro\Desktop\ProgramingProyect_Mines\ProgramingProyect_Mines\Debug\link.3636.read.1.tlog
C:\Users\Álvaro\Desktop\ProgramingProyect_Mines\ProgramingProyect_Mines\Debug\link.3636.write.1.tlog
C:\Users\Álvaro\Desktop\ProgramingProyect_Mines\ProgramingProyect_Mines\Debug\link.4432-cvtres.read.1.tlog
C:\Users\Álvaro\Desktop\ProgramingProyect_Mines\ProgramingProyect_Mines\Debug\link.4432-cvtres.write.1.tlog
C:\Users\Álvaro\Desktop\ProgramingProyect_Mines\ProgramingProyect_Mines\Debug\link.4432-rc.read.1.tlog
C:\Users\Álvaro\Desktop\ProgramingProyect_Mines\ProgramingProyect_Mines\Debug\link.4432-rc.write.1.tlog
C:\Users\Álvaro\Desktop\ProgramingProyect_Mines\ProgramingProyect_Mines\Debug\link.4432.read.1.tlog
C:\Users\Álvaro\Desktop\ProgramingProyect_Mines\ProgramingProyect_Mines\Debug\link.4432.write.1.tlog
C:\Users\Álvaro\Desktop\ProgramingProyect_Mines\ProgramingProyect_Mines\Debug\link.5048-cvtres.read.1.tlog
C:\Users\Álvaro\Desktop\ProgramingProyect_Mines\ProgramingProyect_Mines\Debug\link.5048-cvtres.write.1.tlog
C:\Users\Álvaro\Desktop\ProgramingProyect_Mines\ProgramingProyect_Mines\Debug\link.5048-rc.read.1.tlog
C:\Users\Álvaro\Desktop\ProgramingProyect_Mines\ProgramingProyect_Mines\Debug\link.5048-rc.write.1.tlog
C:\Users\Álvaro\Desktop\ProgramingProyect_Mines\ProgramingProyect_Mines\Debug\link.5048.read.1.tlog
C:\Users\Álvaro\Desktop\ProgramingProyect_Mines\ProgramingProyect_Mines\Debug\link.5048.write.1.tlog
C:\Users\Álvaro\Desktop\ProgramingProyect_Mines\ProgramingProyect_Mines\Debug\link.5948-cvtres.read.1.tlog
C:\Users\Álvaro\Desktop\ProgramingProyect_Mines\ProgramingProyect_Mines\Debug\link.5948-cvtres.write.1.tlog
C:\Users\Álvaro\Desktop\ProgramingProyect_Mines\ProgramingProyect_Mines\Debug\link.5948-rc.read.1.tlog
C:\Users\Álvaro\Desktop\ProgramingProyect_Mines\ProgramingProyect_Mines\Debug\link.5948-rc.write.1.tlog
C:\Users\Álvaro\Desktop\ProgramingProyect_Mines\ProgramingProyect_Mines\Debug\link.5948.read.1.tlog
C:\Users\Álvaro\Desktop\ProgramingProyect_Mines\ProgramingProyect_Mines\Debug\link.5948.write.1.tlog
C:\Users\Álvaro\Desktop\ProgramingProyect_Mines\ProgramingProyect_Mines\Debug\link.command.1.tlog
C:\Users\Álvaro\Desktop\ProgramingProyect_Mines\ProgramingProyect_Mines\Debug\link.read.1.tlog
C:\Users\Álvaro\Desktop\ProgramingProyect_Mines\ProgramingProyect_Mines\Debug\link.write.1.tlog
C:\Users\Álvaro\Desktop\ProgramingProyect_Mines\ProgramingProyect_Mines\Debug\vc110.idb
C:\Users\Álvaro\Desktop\ProgramingProyect_Mines\ProgramingProyect_Mines\Debug\vc110.pdb
C:\Users\Álvaro\Desktop\ProgramingProyect_Mines\Debug\ProgramingProyect_Mines.pdb
C:\Users\Álvaro\Desktop\ProgramingProyect_Mines\Debug\ProgramingProyect_Mines.exe
C:\Users\Álvaro\Desktop\ProgramingProyect_Mines\Debug\ProgramingProyect_Mines.ilk
