C:\USERS\ÁLVARO\DESKTOP\PROGRAMINGPROYECT_MINES\PROGRAMINGPROYECT_MINES\DEBUG\TABLE.OBJ
C:\USERS\ÁLVARO\DESKTOP\PROGRAMINGPROYECT_MINES\PROGRAMINGPROYECT_MINES\DEBUG\TESTPROGRAM.OBJ
C:\USERS\ÁLVARO\DESKTOP\PROGRAMINGPROYECT_MINES\PROGRAMINGPROYECT_MINES\DEBUG\VC110.PDB
C:\USERS\ÁLVARO\DESKTOP\PROYECT_ALL\PROGRAMINGPROYECT_MINES\PROGRAMINGPROYECT_MINES\DEBUG\TABLE.OBJ
C:\USERS\ÁLVARO\DESKTOP\PROYECT_ALL\PROGRAMINGPROYECT_MINES\PROGRAMINGPROYECT_MINES\DEBUG\TESTPROGRAM.OBJ
C:\USERS\ÁLVARO\DESKTOP\PROYECT_ALL\PROGRAMINGPROYECT_MINES\PROGRAMINGPROYECT_MINES\DEBUG\VC110.PDB
C:\USERS\ÁLVARO\DESKTOP\PROYECT_ALL\PROGRAMINGPROYECT_MINES\DEBUG\PROGRAMINGPROJECT_MINES.ILK
C:\USERS\ÁLVARO\DESKTOP\PROYECT_ALL\PROGRAMINGPROYECT_MINES\DEBUG\PROGRAMINGPROJECT_MINES.EXE
C:\USERS\ÁLVARO\DESKTOP\PROYECT_ALL\PROGRAMINGPROYECT_MINES\DEBUG\PROGRAMINGPROJECT_MINES.PDB
C:\Users\Álvaro\Desktop\Proyect_all\ProgramingProyect_Mines\ProgramingProyect_Mines\Debug\table.obj
C:\Users\Álvaro\Desktop\Proyect_all\ProgramingProyect_Mines\ProgramingProyect_Mines\Debug\testProgram.obj
C:\Users\Álvaro\Desktop\Proyect_all\ProgramingProyect_Mines\ProgramingProyect_Mines\Debug\cl.command.1.tlog
C:\Users\Álvaro\Desktop\Proyect_all\ProgramingProyect_Mines\ProgramingProyect_Mines\Debug\CL.read.1.tlog
C:\Users\Álvaro\Desktop\Proyect_all\ProgramingProyect_Mines\ProgramingProyect_Mines\Debug\CL.write.1.tlog
C:\Users\Álvaro\Desktop\Proyect_all\ProgramingProyect_Mines\ProgramingProyect_Mines\Debug\link-cvtres.read.1.tlog
C:\Users\Álvaro\Desktop\Proyect_all\ProgramingProyect_Mines\ProgramingProyect_Mines\Debug\link-cvtres.write.1.tlog
C:\Users\Álvaro\Desktop\Proyect_all\ProgramingProyect_Mines\ProgramingProyect_Mines\Debug\link-rc.read.1.tlog
C:\Users\Álvaro\Desktop\Proyect_all\ProgramingProyect_Mines\ProgramingProyect_Mines\Debug\link-rc.write.1.tlog
C:\Users\Álvaro\Desktop\Proyect_all\ProgramingProyect_Mines\ProgramingProyect_Mines\Debug\link.command.1.tlog
C:\Users\Álvaro\Desktop\Proyect_all\ProgramingProyect_Mines\ProgramingProyect_Mines\Debug\link.read.1.tlog
C:\Users\Álvaro\Desktop\Proyect_all\ProgramingProyect_Mines\ProgramingProyect_Mines\Debug\link.write.1.tlog
C:\Users\Álvaro\Desktop\Proyect_all\ProgramingProyect_Mines\ProgramingProyect_Mines\Debug\vc110.idb
C:\Users\Álvaro\Desktop\Proyect_all\ProgramingProyect_Mines\ProgramingProyect_Mines\Debug\vc110.pdb
C:\Users\Álvaro\Desktop\Proyect_all\ProgramingProyect_Mines\Debug\ProgramingProject_Mines.pdb
C:\Users\Álvaro\Desktop\Proyect_all\ProgramingProyect_Mines\Debug\ProgramingProject_Mines.exe
C:\Users\Álvaro\Desktop\Proyect_all\ProgramingProyect_Mines\Debug\ProgramingProject_Mines.ilk
